<?xml version="1.0" encoding="UTF-8"?>
<!-- Generated by org.testng.reporters.JUnitReportReporter -->
<testsuite hostname="DESKTOP-RSLJM3H" failures="0" tests="2" name="com.sample.SampleRun" time="0.011" errors="0" timestamp="2025-10-14T22:56:34 IST" skipped="0">
  <testcase classname="com.sample.SampleRun" name="method3" time="0.001"/>
  <testcase classname="com.sample.SampleRun" name="method1" time="0.010"/>
</testsuite> <!-- com.sample.SampleRun -->
