<?xml version="1.0" encoding="UTF-8"?>
<!-- Generated by org.testng.reporters.JUnitReportReporter -->
<testsuite hostname="DESKTOP-RSLJM3H" failures="0" tests="1" name="com.retryAnalyzer.SampleTest" time="0.019" errors="0" timestamp="2025-10-03T21:25:09 IST" skipped="0">
  <testcase classname="com.retryAnalyzer.SampleTest" name="testPass" time="0.019"/>
</testsuite> <!-- com.retryAnalyzer.SampleTest -->
